<?xml version="1.0" encoding="UTF-8"?>
<robot generator="Robot 3.1.1 (Python 3.7.2 on win32)" generated="20190130 21:23:12.714" rpa="false">
<suite id="s1" name="IBankLogin AutoTests" source="C:\Users\Apneet Kaur\Documents\GITRobotFrameworkSwedbank\RobotFrameworkDemo\IBankLogin_AutoTests">
<suite id="s1-s1" name="LoginPage" source="C:\Users\Apneet Kaur\Documents\GITRobotFrameworkSwedbank\RobotFrameworkDemo\IBankLogin_AutoTests\LoginPage.robot">
<test id="s1-s1-t1" name="Login IB with SmartID">
<kw name="Login with SmartID" library="Keywords">
<kw name="Open Browser" library="SeleniumLibrary">
<doc>Opens a new browser instance to the given ``url``.</doc>
<arguments>
<arg>${url}</arg>
<arg>chrome</arg>
</arguments>
<msg timestamp="20190130 21:23:13.102" level="INFO">Opening browser 'chrome' to base url 'https://www.swedbank.ee/private'.</msg>
<status status="PASS" starttime="20190130 21:23:13.102" endtime="20190130 21:23:49.235"></status>
</kw>
<kw name="Maximize Browser Window" library="SeleniumLibrary">
<doc>Maximizes current browser window.</doc>
<status status="PASS" starttime="20190130 21:23:49.236" endtime="20190130 21:23:50.412"></status>
</kw>
<kw name="Wait Until Page Contains Element" library="SeleniumLibrary">
<doc>Waits until element ``locator`` appears on current page.</doc>
<arguments>
<arg>css=a[class="ico -f -tick -caption"]</arg>
<arg>${timeout}</arg>
</arguments>
<status status="PASS" starttime="20190130 21:23:50.413" endtime="20190130 21:23:50.474"></status>
</kw>
<kw name="Click Element" library="SeleniumLibrary">
<doc>Click element identified by ``locator``.</doc>
<arguments>
<arg>css=a[class="ico -f -tick -caption"]</arg>
</arguments>
<msg timestamp="20190130 21:23:50.478" level="INFO">Clicking element 'css=a[class="ico -f -tick -caption"]'.</msg>
<status status="PASS" starttime="20190130 21:23:50.474" endtime="20190130 21:23:50.680"></status>
</kw>
<kw name="Wait Until Page Contains Element" library="SeleniumLibrary">
<doc>Waits until element ``locator`` appears on current page.</doc>
<arguments>
<arg>css=li[id="loginTab_SMART_ID"]</arg>
<arg>${timeout}</arg>
</arguments>
<status status="PASS" starttime="20190130 21:23:50.681" endtime="20190130 21:23:50.716"></status>
</kw>
<kw name="Click Element" library="SeleniumLibrary">
<doc>Click element identified by ``locator``.</doc>
<arguments>
<arg>css=li[id="loginTab_SMART_ID"]</arg>
</arguments>
<msg timestamp="20190130 21:23:50.718" level="INFO">Clicking element 'css=li[id="loginTab_SMART_ID"]'.</msg>
<status status="PASS" starttime="20190130 21:23:50.717" endtime="20190130 21:23:50.850"></status>
</kw>
<kw name="Input Text" library="SeleniumLibrary">
<doc>Types the given ``text`` into text field identified by ``locator``.</doc>
<arguments>
<arg>id=userId</arg>
<arg>${userName}</arg>
</arguments>
<msg timestamp="20190130 21:23:50.852" level="INFO">Typing text '1549486' into text field 'id=userId'.</msg>
<status status="PASS" starttime="20190130 21:23:50.851" endtime="20190130 21:23:51.096"></status>
</kw>
<kw name="Run Keyword And Return Status" library="BuiltIn">
<doc>Runs the given keyword with given arguments and returns the status as a Boolean value.</doc>
<arguments>
<arg>Page Should Contain Element</arg>
<arg>id=authPwd</arg>
</arguments>
<assign>
<var>${status}</var>
</assign>
<kw name="Page Should Contain Element" library="SeleniumLibrary">
<doc>Verifies that element ``locator`` is found on the current page.</doc>
<arguments>
<arg>id=authPwd</arg>
</arguments>
<msg timestamp="20190130 21:23:51.130" level="INFO">Current page contains element 'id=authPwd'.</msg>
<status status="PASS" starttime="20190130 21:23:51.098" endtime="20190130 21:23:51.130"></status>
</kw>
<msg timestamp="20190130 21:23:51.131" level="INFO">${status} = True</msg>
<status status="PASS" starttime="20190130 21:23:51.097" endtime="20190130 21:23:51.131"></status>
</kw>
<kw name="Run Keyword If" library="BuiltIn">
<doc>Runs the given keyword with the given arguments, if ``condition`` is true.</doc>
<arguments>
<arg>${status}==True</arg>
<arg>Input Text</arg>
<arg>id=authPwd</arg>
<arg>${iDCode}</arg>
</arguments>
<kw name="Input Text" library="SeleniumLibrary">
<doc>Types the given ``text`` into text field identified by ``locator``.</doc>
<arguments>
<arg>id=authPwd</arg>
<arg>${iDCode}</arg>
</arguments>
<msg timestamp="20190130 21:23:51.133" level="INFO">Typing text '48809170012' into text field 'id=authPwd'.</msg>
<status status="PASS" starttime="20190130 21:23:51.133" endtime="20190130 21:23:51.327"></status>
</kw>
<status status="PASS" starttime="20190130 21:23:51.132" endtime="20190130 21:23:51.328"></status>
</kw>
<kw name="Wait Until Page Contains Element" library="SeleniumLibrary">
<doc>Waits until element ``locator`` appears on current page.</doc>
<arguments>
<arg>id=pwdLoginButton</arg>
<arg>${timeout}</arg>
</arguments>
<status status="PASS" starttime="20190130 21:23:51.329" endtime="20190130 21:23:51.363"></status>
</kw>
<kw name="Click Element" library="SeleniumLibrary">
<doc>Click element identified by ``locator``.</doc>
<arguments>
<arg>id=pwdLoginButton</arg>
</arguments>
<msg timestamp="20190130 21:23:51.364" level="INFO">Clicking element 'id=pwdLoginButton'.</msg>
<status status="PASS" starttime="20190130 21:23:51.363" endtime="20190130 21:23:56.435"></status>
</kw>
<kw name="Sleep" library="BuiltIn">
<doc>Pauses the test executed for the given time.</doc>
<arguments>
<arg>10s</arg>
</arguments>
<msg timestamp="20190130 21:24:06.448" level="INFO">Slept 10 seconds</msg>
<status status="PASS" starttime="20190130 21:23:56.437" endtime="20190130 21:24:06.448"></status>
</kw>
<status status="PASS" starttime="20190130 21:23:13.101" endtime="20190130 21:24:06.451"></status>
</kw>
<status status="PASS" starttime="20190130 21:23:13.100" endtime="20190130 21:24:06.453" critical="yes"></status>
</test>
<kw name="Close Browser" library="SeleniumLibrary" type="teardown">
<doc>Closes the current browser.</doc>
<status status="PASS" starttime="20190130 21:24:06.457" endtime="20190130 21:24:08.794"></status>
</kw>
<doc>Login Page Tests</doc>
<status status="PASS" starttime="20190130 21:23:12.839" endtime="20190130 21:24:08.795"></status>
</suite>
<status status="PASS" starttime="20190130 21:23:12.788" endtime="20190130 21:24:08.803"></status>
</suite>
<statistics>
<total>
<stat pass="1" fail="0">Critical Tests</stat>
<stat pass="1" fail="0">All Tests</stat>
</total>
<tag>
</tag>
<suite>
<stat pass="1" fail="0" id="s1" name="IBankLogin AutoTests">IBankLogin AutoTests</stat>
<stat pass="1" fail="0" id="s1-s1" name="LoginPage">IBankLogin AutoTests.LoginPage</stat>
</suite>
</statistics>
<errors>
</errors>
</robot>
